<?xml version="1.0" encoding="UTF-8"?>
<testsuite name="RandomApartmentGeneratorTest$GeneratorCustomParamsTests" tests="10" skipped="0" failures="0" errors="0" timestamp="2022-03-09T04:39:38" hostname="MacBook" time="0.032">
  <properties/>
  <testcase name="repetition 1 of 10" classname="RandomApartmentGeneratorTest$GeneratorCustomParamsTests" time="0.016"/>
  <testcase name="repetition 2 of 10" classname="RandomApartmentGeneratorTest$GeneratorCustomParamsTests" time="0.0"/>
  <testcase name="repetition 3 of 10" classname="RandomApartmentGeneratorTest$GeneratorCustomParamsTests" time="0.001"/>
  <testcase name="repetition 4 of 10" classname="RandomApartmentGeneratorTest$GeneratorCustomParamsTests" time="0.001"/>
  <testcase name="repetition 5 of 10" classname="RandomApartmentGeneratorTest$GeneratorCustomParamsTests" time="0.001"/>
  <testcase name="repetition 6 of 10" classname="RandomApartmentGeneratorTest$GeneratorCustomParamsTests" time="0.0"/>
  <testcase name="repetition 7 of 10" classname="RandomApartmentGeneratorTest$GeneratorCustomParamsTests" time="0.001"/>
  <testcase name="repetition 8 of 10" classname="RandomApartmentGeneratorTest$GeneratorCustomParamsTests" time="0.001"/>
  <testcase name="repetition 9 of 10" classname="RandomApartmentGeneratorTest$GeneratorCustomParamsTests" time="0.001"/>
  <testcase name="repetition 10 of 10" classname="RandomApartmentGeneratorTest$GeneratorCustomParamsTests" time="0.0"/>
  <system-out><![CDATA[]]></system-out>
  <system-err><![CDATA[]]></system-err>
</testsuite>
