<?xml version="1.0" encoding="UTF-8"?>
<testsuite name="BMICalculatorTest" tests="1" skipped="0" failures="0" errors="0" timestamp="2022-03-06T03:19:39" hostname="MacBook.local" time="0.019">
  <properties/>
  <testcase name="shouldReturnCorrectBMIScoreArrayWhenCoderListNotEmpty()" classname="BMICalculatorTest" time="0.019"/>
  <system-out><![CDATA[]]></system-out>
  <system-err><![CDATA[]]></system-err>
</testsuite>
